d:\university\gameloft\proiect_2015\proiect_2015\newtrainingframework_2015\utilities\debug-nvidia\utilities.pch
d:\university\gameloft\proiect_2015\proiect_2015\newtrainingframework_2015\bin-nvidia\utilities.pdb
d:\university\gameloft\proiect_2015\proiect_2015\newtrainingframework_2015\bin-nvidia\utilities.idb
d:\university\gameloft\proiect_2015\proiect_2015\newtrainingframework_2015\utilities\debug-nvidia\stdafx.obj
d:\university\gameloft\proiect_2015\proiect_2015\newtrainingframework_2015\utilities\debug-nvidia\esshader.obj
d:\university\gameloft\proiect_2015\proiect_2015\newtrainingframework_2015\utilities\debug-nvidia\esutil.obj
d:\university\gameloft\proiect_2015\proiect_2015\newtrainingframework_2015\utilities\debug-nvidia\esutil_win.obj
d:\university\gameloft\proiect_2015\proiect_2015\newtrainingframework_2015\utilities\debug-nvidia\math.obj
d:\university\gameloft\proiect_2015\proiect_2015\newtrainingframework_2015\utilities\debug-nvidia\tga.obj
d:\university\gameloft\proiect_2015\proiect_2015\newtrainingframework_2015\bin-nvidia\utilities.lib
d:\university\gameloft\proiect_2015\proiect_2015\newtrainingframework_2015\utilities\debug-nvidia\utilities.idb
d:\university\gameloft\proiect_2015\proiect_2015\newtrainingframework_2015\utilities\debug-nvidia\utilities.pdb
d:\university\gameloft\proiect_2015\proiect_2015\newtrainingframework_2015\\bin-nvidia\utilities.pdb
d:\university\gameloft\proiect_2015\proiect_2015\newtrainingframework_2015\utilities\debug-nvidia\utilities.tlog\cl.command.1.tlog
d:\university\gameloft\proiect_2015\proiect_2015\newtrainingframework_2015\utilities\debug-nvidia\utilities.tlog\cl.items.tlog
d:\university\gameloft\proiect_2015\proiect_2015\newtrainingframework_2015\utilities\debug-nvidia\utilities.tlog\cl.read.1.tlog
d:\university\gameloft\proiect_2015\proiect_2015\newtrainingframework_2015\utilities\debug-nvidia\utilities.tlog\cl.write.1.tlog
d:\university\gameloft\proiect_2015\proiect_2015\newtrainingframework_2015\utilities\debug-nvidia\utilities.tlog\lib-link.write.1.tlog
d:\university\gameloft\proiect_2015\proiect_2015\newtrainingframework_2015\utilities\debug-nvidia\utilities.tlog\lib.command.1.tlog
d:\university\gameloft\proiect_2015\proiect_2015\newtrainingframework_2015\utilities\debug-nvidia\utilities.tlog\lib.read.1.tlog
