d:\university\gameloft\proiect_2015\proiect_2015\newtrainingframework_2015\newtrainingframework\debug-nvidia\newtrainingframework.pch
d:\university\gameloft\proiect_2015\proiect_2015\newtrainingframework_2015\newtrainingframework\debug-nvidia\vc143.pdb
d:\university\gameloft\proiect_2015\proiect_2015\newtrainingframework_2015\newtrainingframework\debug-nvidia\vc143.idb
d:\university\gameloft\proiect_2015\proiect_2015\newtrainingframework_2015\newtrainingframework\debug-nvidia\stdafx.obj
d:\university\gameloft\proiect_2015\proiect_2015\newtrainingframework_2015\newtrainingframework\debug-nvidia\newtrainingframework.obj
d:\university\gameloft\proiect_2015\proiect_2015\newtrainingframework_2015\newtrainingframework\debug-nvidia\shaders.obj
d:\university\gameloft\proiect_2015\proiect_2015\newtrainingframework_2015\bin-nvidia\newtrainingframework.exe
d:\university\gameloft\proiect_2015\proiect_2015\newtrainingframework_2015\bin-nvidia\newtrainingframework.pdb
d:\training gameloft\proiecte_training\proiect_2015\newtrainingframework_2015\bin-nvidia\newtrainingframework.ipdb
d:\training gameloft\proiecte_training\proiect_2015\newtrainingframework_2015\bin-nvidia\newtrainingframework.iobj
d:\university\gameloft\proiect_2015\proiect_2015\newtrainingframework_2015\bin-nvidia\newtrainingframework.ipdb
d:\university\gameloft\proiect_2015\proiect_2015\newtrainingframework_2015\bin-nvidia\newtrainingframework.iobj
d:\university\gameloft\proiect_2015\proiect_2015\newtrainingframework_2015\newtrainingframework\debug-nvidia\newtrainingframework.ilk
d:\university\gameloft\proiect_2015\proiect_2015\newtrainingframework_2015\newtrainingframework\debug-nvidia\vc141.idb
d:\university\gameloft\proiect_2015\proiect_2015\newtrainingframework_2015\newtrainingframework\debug-nvidia\vc141.pdb
d:\university\gameloft\proiect_2015\proiect_2015\newtrainingframework_2015\\bin-nvidia\newtrainingframework.pdb
d:\university\gameloft\proiect_2015\proiect_2015\newtrainingframework_2015\\bin-nvidia\newtrainingframework.ilk
d:\university\gameloft\proiect_2015\proiect_2015\newtrainingframework_2015\newtrainingframework\debug-nvidia\newtrain.fc024ec8.tlog\cl.command.1.tlog
d:\university\gameloft\proiect_2015\proiect_2015\newtrainingframework_2015\newtrainingframework\debug-nvidia\newtrain.fc024ec8.tlog\cl.items.tlog
d:\university\gameloft\proiect_2015\proiect_2015\newtrainingframework_2015\newtrainingframework\debug-nvidia\newtrain.fc024ec8.tlog\cl.read.1.tlog
d:\university\gameloft\proiect_2015\proiect_2015\newtrainingframework_2015\newtrainingframework\debug-nvidia\newtrain.fc024ec8.tlog\cl.write.1.tlog
d:\university\gameloft\proiect_2015\proiect_2015\newtrainingframework_2015\newtrainingframework\debug-nvidia\newtrain.fc024ec8.tlog\link.command.1.tlog
d:\university\gameloft\proiect_2015\proiect_2015\newtrainingframework_2015\newtrainingframework\debug-nvidia\newtrain.fc024ec8.tlog\link.read.1.tlog
d:\university\gameloft\proiect_2015\proiect_2015\newtrainingframework_2015\newtrainingframework\debug-nvidia\newtrain.fc024ec8.tlog\link.secondary.1.tlog
d:\university\gameloft\proiect_2015\proiect_2015\newtrainingframework_2015\newtrainingframework\debug-nvidia\newtrain.fc024ec8.tlog\link.write.1.tlog
d:\university\gameloft\proiect_2015\proiect_2015\newtrainingframework_2015\newtrainingframework\debug-nvidia\newtrain.fc024ec8.tlog\newtrainingframework.write.1u.tlog
