cl : command line  warning D9035: option 'Gm' has been deprecated and will be removed in a future release
  NewTrainingFramework.cpp
D:\University\gameloft\proiect_2015\proiect_2015\NewTrainingFramework_2015\NewTrainingFramework\NewTrainingFramework.cpp(114,15): warning C4305: '-=': truncation from 'double' to 'float'
  (compiling source file '/NewTrainingFramework.cpp')
  
D:\University\gameloft\proiect_2015\proiect_2015\NewTrainingFramework_2015\NewTrainingFramework\NewTrainingFramework.cpp(124,22): warning C4244: 'argument': conversion from 'float' to 'int', possible loss of data
  (compiling source file '/NewTrainingFramework.cpp')
  
D:\University\gameloft\proiect_2015\proiect_2015\NewTrainingFramework_2015\NewTrainingFramework\NewTrainingFramework.cpp(128,22): warning C4244: 'argument': conversion from 'float' to 'int', possible loss of data
  (compiling source file '/NewTrainingFramework.cpp')
  
D:\University\gameloft\proiect_2015\proiect_2015\NewTrainingFramework_2015\NewTrainingFramework\NewTrainingFramework.cpp(132,22): warning C4244: 'argument': conversion from 'float' to 'int', possible loss of data
  (compiling source file '/NewTrainingFramework.cpp')
  
D:\University\gameloft\proiect_2015\proiect_2015\NewTrainingFramework_2015\NewTrainingFramework\NewTrainingFramework.cpp(136,22): warning C4244: 'argument': conversion from 'float' to 'int', possible loss of data
  (compiling source file '/NewTrainingFramework.cpp')
  
D:\University\gameloft\proiect_2015\proiect_2015\NewTrainingFramework_2015\NewTrainingFramework\NewTrainingFramework.cpp(140,22): warning C4244: 'argument': conversion from 'float' to 'int', possible loss of data
  (compiling source file '/NewTrainingFramework.cpp')
  
D:\University\gameloft\proiect_2015\proiect_2015\NewTrainingFramework_2015\NewTrainingFramework\NewTrainingFramework.cpp(144,22): warning C4244: 'argument': conversion from 'float' to 'int', possible loss of data
  (compiling source file '/NewTrainingFramework.cpp')
  
D:\University\gameloft\proiect_2015\proiect_2015\NewTrainingFramework_2015\NewTrainingFramework\NewTrainingFramework.cpp(148,24): warning C4244: 'argument': conversion from 'float' to 'int', possible loss of data
  (compiling source file '/NewTrainingFramework.cpp')
  
D:\University\gameloft\proiect_2015\proiect_2015\NewTrainingFramework_2015\NewTrainingFramework\NewTrainingFramework.cpp(152,24): warning C4244: 'argument': conversion from 'float' to 'int', possible loss of data
  (compiling source file '/NewTrainingFramework.cpp')
  
D:\University\gameloft\proiect_2015\proiect_2015\NewTrainingFramework_2015\NewTrainingFramework\NewTrainingFramework.cpp(156,24): warning C4244: 'argument': conversion from 'float' to 'int', possible loss of data
  (compiling source file '/NewTrainingFramework.cpp')
  
D:\University\gameloft\proiect_2015\proiect_2015\NewTrainingFramework_2015\NewTrainingFramework\NewTrainingFramework.cpp(160,24): warning C4244: 'argument': conversion from 'float' to 'int', possible loss of data
  (compiling source file '/NewTrainingFramework.cpp')
  
D:\University\gameloft\proiect_2015\proiect_2015\NewTrainingFramework_2015\NewTrainingFramework\NewTrainingFramework.cpp(164,24): warning C4244: 'argument': conversion from 'float' to 'int', possible loss of data
  (compiling source file '/NewTrainingFramework.cpp')
  
D:\University\gameloft\proiect_2015\proiect_2015\NewTrainingFramework_2015\NewTrainingFramework\NewTrainingFramework.cpp(168,24): warning C4244: 'argument': conversion from 'float' to 'int', possible loss of data
  (compiling source file '/NewTrainingFramework.cpp')
  
  NewTrainingFramework.vcxproj -> D:\University\gameloft\proiect_2015\proiect_2015\NewTrainingFramework_2015\BIN-Nvidia\NewTrainingFramework.exe
